<?xml version="1.0" encoding="UTF-8"?>
<testng-results ignored="0" total="1" passed="1" failed="0" skipped="0">
  <reporter-output>
  </reporter-output>
  <suite started-at="2025-08-29T10:00:58 IST" name="Suite" finished-at="2025-08-29T10:01:04 IST" duration-ms="5976">
    <groups>
    </groups>
    <test started-at="2025-08-29T10:00:58 IST" name="Test" finished-at="2025-08-29T10:01:04 IST" duration-ms="5976">
      <class name="swagLabs.Inventory.ClickOnAddToCartTest">
        <test-method is-config="true" signature="bsConfig()[pri:0, instance:swagLabs.Inventory.ClickOnAddToCartTest@9d5509a]" started-at="2025-08-29T10:00:58 IST" name="bsConfig" finished-at="2025-08-29T10:00:58 IST" duration-ms="11" status="PASS">
          <reporter-output>
          </reporter-output>
        </test-method> <!-- bsConfig -->
        <test-method is-config="true" signature="bcConfig()[pri:0, instance:swagLabs.Inventory.ClickOnAddToCartTest@9d5509a]" started-at="2025-08-29T10:00:58 IST" name="bcConfig" finished-at="2025-08-29T10:01:00 IST" duration-ms="1946" status="PASS">
          <reporter-output>
          </reporter-output>
        </test-method> <!-- bcConfig -->
        <test-method is-config="true" signature="bmConfig()[pri:0, instance:swagLabs.Inventory.ClickOnAddToCartTest@9d5509a]" started-at="2025-08-29T10:01:00 IST" name="bmConfig" finished-at="2025-08-29T10:01:01 IST" duration-ms="252" status="PASS">
          <reporter-output>
          </reporter-output>
        </test-method> <!-- bmConfig -->
        <test-method signature="clickOnAddToCart()[pri:0, instance:swagLabs.Inventory.ClickOnAddToCartTest@9d5509a]" started-at="2025-08-29T10:01:01 IST" name="clickOnAddToCart" finished-at="2025-08-29T10:01:02 IST" duration-ms="1050" status="PASS">
          <reporter-output>
          </reporter-output>
        </test-method> <!-- clickOnAddToCart -->
        <test-method is-config="true" signature="amConfig()[pri:0, instance:swagLabs.Inventory.ClickOnAddToCartTest@9d5509a]" started-at="2025-08-29T10:01:02 IST" name="amConfig" finished-at="2025-08-29T10:01:04 IST" duration-ms="2143" status="PASS">
          <reporter-output>
          </reporter-output>
        </test-method> <!-- amConfig -->
        <test-method is-config="true" signature="acConfig()[pri:0, instance:swagLabs.Inventory.ClickOnAddToCartTest@9d5509a]" started-at="2025-08-29T10:01:04 IST" name="acConfig" finished-at="2025-08-29T10:01:04 IST" duration-ms="282" status="PASS">
          <reporter-output>
          </reporter-output>
        </test-method> <!-- acConfig -->
        <test-method is-config="true" signature="asConfig()[pri:0, instance:swagLabs.Inventory.ClickOnAddToCartTest@9d5509a]" started-at="2025-08-29T10:01:04 IST" name="asConfig" finished-at="2025-08-29T10:01:04 IST" duration-ms="1" status="PASS">
          <reporter-output>
          </reporter-output>
        </test-method> <!-- asConfig -->
      </class> <!-- swagLabs.Inventory.ClickOnAddToCartTest -->
    </test> <!-- Test -->
  </suite> <!-- Suite -->
</testng-results>
